Success (1):
content 28893 _a-0000e1ca-efec-8000-6ee0-010000010000_120617 "SR_TEST1"

Referenced precedents that were not exported (1):
content 28752 _a-0000e1ca-efec-8000-6ee0-010000010000_120611

Trace:
2019-03-27 11:21:30.072 DEBUG content 28893 _a-0000e1ca-efec-8000-6ee0-010000010000_120617 Begin transport.
2019-03-27 11:21:30.072 DEBUG content 28893 _a-0000e1ca-efec-8000-6ee0-010000010000_120617 Retrieving object data.
2019-03-27 11:21:30.088 DEBUG content 28893 _a-0000e1ca-efec-8000-6ee0-010000010000_120617 Setting uuids of object references.
2019-03-27 11:21:30.088 DEBUG content 28893 _a-0000e1ca-efec-8000-6ee0-010000010000_120617 Processing reference: [Content:id=28753,versionId=-1,name=SR_TEST1,type=32,subtype=0,uuid=_a-0000e1ca-efec-8000-6ee0-010000010000_120617,parent=28752]
2019-03-27 11:21:30.089 DEBUG content 28893 _a-0000e1ca-efec-8000-6ee0-010000010000_120617 Processing reference: Constant.forum
2019-03-27 11:21:30.09 DEBUG content 28893 _a-0000e1ca-efec-8000-6ee0-010000010000_120617 Processing reference: Constant.parent
2019-03-27 11:21:30.095 DEBUG content 28893 _a-0000e1ca-efec-8000-6ee0-010000010000_120617 Processing reference: com.appiancorp.suiteapi.content.ContentRoleMap@2a4fc1bf[
  ContentRole[name=readers,inherit=true,allowForAll=false]
  ContentRole[name=authors,inherit=true,allowForAll=false]
  ContentRole[name=administrators,inherit=true,allowForAll=false]
  ContentRole[name=denyReaders,inherit=false,allowForAll=false]
  ContentRole[name=denyAuthors,inherit=false,allowForAll=false]
  ContentRole[name=denyAdministrators,inherit=false,allowForAll=false]
  securityVector=15:SEC_PUBLIC=true,SEC_CREATOR_ADMIN=false,SEC_INH_ADMIN=true,SEC_INH_EDITOR=true,SEC_INH_VIEWER=true,SEC_ALL_ADMIN=false,SEC_ALL_EDITOR=false,SEC_ALL_VIEWER=false
]
2019-03-27 11:21:30.096 DEBUG content 28893 _a-0000e1ca-efec-8000-6ee0-010000010000_120617 Processing reference: ContentRole[name=readers,inherit=true,allowForAll=false]
2019-03-27 11:21:30.096 DEBUG content 28893 _a-0000e1ca-efec-8000-6ee0-010000010000_120617 Processing reference: ContentRole[name=authors,inherit=true,allowForAll=false]
2019-03-27 11:21:30.096 DEBUG content 28893 _a-0000e1ca-efec-8000-6ee0-010000010000_120617 Processing reference: ContentRole[name=administrators,inherit=true,allowForAll=false]
2019-03-27 11:21:30.096 DEBUG content 28893 _a-0000e1ca-efec-8000-6ee0-010000010000_120617 Processing reference: ContentRole[name=denyReaders,inherit=false,allowForAll=false]
2019-03-27 11:21:30.097 DEBUG content 28893 _a-0000e1ca-efec-8000-6ee0-010000010000_120617 Processing reference: ContentRole[name=denyAuthors,inherit=false,allowForAll=false]
2019-03-27 11:21:30.097 DEBUG content 28893 _a-0000e1ca-efec-8000-6ee0-010000010000_120617 Processing reference: ContentRole[name=denyAdministrators,inherit=false,allowForAll=false]
2019-03-27 11:21:30.097 DEBUG content 28893 _a-0000e1ca-efec-8000-6ee0-010000010000_120617 Completing produce.
2019-03-27 11:21:30.097 DEBUG content 28893 _a-0000e1ca-efec-8000-6ee0-010000010000_120617 Exporting binary resources.
2019-03-27 11:21:30.097 DEBUG content 28893 _a-0000e1ca-efec-8000-6ee0-010000010000_120617 Serializing object to XML.
2019-03-27 11:21:30.492 DEBUG content 28893 _a-0000e1ca-efec-8000-6ee0-010000010000_120617 Object transported.
